TN:
SF:src\app.ts
FNF:0
FNH:0
DA:1,1
DA:2,1
DA:3,1
DA:5,1
DA:6,1
DA:7,1
DA:8,1
DA:10,1
LF:8
LH:8
BRF:0
BRH:0
end_of_record
TN:
SF:src\firebase.ts
FNF:0
FNH:0
DA:1,3
DA:2,3
DA:4,3
DA:6,3
LF:4
LH:4
BRF:0
BRH:0
end_of_record
TN:
SF:src\index.ts
FNF:0
FNH:0
DA:1,1
DA:2,1
DA:3,1
DA:4,1
DA:6,1
DA:7,1
DA:9,1
LF:7
LH:7
BRF:0
BRH:0
end_of_record
TN:
SF:src\controllers\auth.controller.ts
FN:16,login
FN:39,logout
FNF:2
FNH:2
FNDA:2,login
FNDA:3,logout
DA:2,2
DA:3,2
DA:16,2
DA:17,2
DA:19,2
DA:21,2
DA:22,1
DA:25,2
DA:26,2
DA:39,2
DA:40,3
DA:41,3
DA:42,2
DA:45,1
DA:46,1
DA:47,1
LF:16
LH:16
BRDA:21,0,0,1
BRDA:21,0,1,1
BRDA:41,1,0,2
BRDA:41,1,1,1
BRDA:41,2,0,2
BRDA:41,2,1,1
BRDA:41,3,0,3
BRDA:41,3,1,3
BRF:8
BRH:8
end_of_record
TN:
SF:src\controllers\tasks.controller.ts
FN:6,(anonymous_9)
FN:13,(anonymous_10)
FN:30,(anonymous_11)
FN:49,(anonymous_12)
FN:73,(anonymous_13)
FNF:5
FNH:5
FNDA:2,(anonymous_9)
FNDA:2,(anonymous_10)
FNDA:2,(anonymous_11)
FNDA:3,(anonymous_12)
FNDA:2,(anonymous_13)
DA:2,2
DA:3,2
DA:4,2
DA:6,2
DA:7,2
DA:8,2
DA:13,1
DA:14,2
DA:15,2
DA:17,2
DA:24,1
DA:26,1
DA:30,2
DA:31,2
DA:33,2
DA:41,2
DA:42,2
DA:43,1
DA:45,1
DA:49,2
DA:50,3
DA:51,3
DA:53,3
DA:54,3
DA:56,2
DA:57,2
DA:58,1
DA:61,1
DA:67,1
DA:69,1
DA:73,2
DA:74,2
DA:75,2
DA:76,2
DA:77,1
DA:79,1
LF:36
LH:36
BRDA:57,0,0,1
BRDA:57,0,1,1
BRF:2
BRH:2
end_of_record
TN:
SF:src\middlewares\validateSchemas.ts
FN:14,validateSchema
FN:17,(anonymous_2)
FNF:2
FNH:2
FNDA:6,validateSchema
FNDA:4,(anonymous_2)
DA:2,2
DA:3,2
DA:5,2
DA:6,2
DA:14,2
DA:15,6
DA:17,6
DA:18,4
DA:19,3
DA:24,1
LF:10
LH:10
BRDA:18,0,0,3
BRDA:18,0,1,1
BRF:2
BRH:2
end_of_record
TN:
SF:src\middlewares\validateToken.ts
FN:19,verifyAuthToken
FNF:1
FNH:1
FNDA:6,verifyAuthToken
DA:2,2
DA:19,2
DA:24,6
DA:25,6
DA:26,3
DA:29,3
DA:31,3
DA:32,3
DA:33,3
DA:35,2
DA:36,1
DA:37,1
DA:39,1
LF:13
LH:13
BRDA:25,0,0,3
BRDA:25,0,1,3
BRDA:25,1,0,3
BRDA:25,1,1,3
BRDA:25,2,0,6
BRDA:25,2,1,6
BRDA:33,3,0,1
BRDA:33,3,1,2
BRF:8
BRH:8
end_of_record
TN:
SF:src\routes\auth.routes.ts
FNF:0
FNH:0
DA:1,2
DA:2,2
DA:3,2
DA:4,2
DA:6,2
DA:8,2
DA:9,2
DA:11,2
LF:8
LH:8
BRF:0
BRH:0
end_of_record
TN:
SF:src\routes\tasks.routes.ts
FNF:0
FNH:0
DA:1,2
DA:2,2
DA:8,2
DA:9,2
DA:10,2
DA:12,2
DA:13,2
DA:15,2
DA:16,2
DA:17,2
DA:18,2
DA:20,2
LF:12
LH:12
BRF:0
BRH:0
end_of_record
TN:
SF:src\schemas\login.schema.ts
FNF:0
FNH:0
DA:7,1
DA:21,1
LF:2
LH:2
BRF:0
BRH:0
end_of_record
TN:
SF:src\schemas\task.schema.ts
FNF:0
FNH:0
DA:9,1
DA:20,1
LF:2
LH:2
BRF:0
BRH:0
end_of_record
TN:
SF:src\utils\dates.service.ts
FN:16,formatTimestamp
FNF:1
FNH:1
FNDA:2,formatTimestamp
DA:16,2
DA:17,2
DA:18,2
DA:19,2
DA:20,2
DA:21,2
DA:22,2
DA:23,2
DA:25,2
LF:9
LH:9
BRF:0
BRH:0
end_of_record
TN:
SF:src\utils\email.service.ts
FN:9,getUsernameFromEmail
FNF:1
FNH:1
FNDA:5,getUsernameFromEmail
DA:9,3
DA:10,5
DA:11,5
DA:12,5
LF:4
LH:4
BRF:0
BRH:0
end_of_record
TN:
SF:src\utils\token.service.ts
FN:13,generateToken
FN:25,verifyToken
FN:38,revokeToken
FN:52,isTokenRevoked
FNF:4
FNH:4
FNDA:1,generateToken
FNDA:2,verifyToken
FNDA:1,revokeToken
FNDA:2,isTokenRevoked
DA:1,4
DA:2,4
DA:3,4
DA:5,4
DA:6,4
DA:13,4
DA:14,1
DA:25,4
DA:26,2
DA:38,4
DA:39,1
DA:52,4
DA:53,2
DA:55,2
LF:14
LH:14
BRF:0
BRH:0
end_of_record
TN:
SF:src\utils\user.service.ts
FN:13,userExists
FN:27,saveUser
FNF:2
FNH:2
FNDA:2,userExists
FNDA:1,saveUser
DA:1,3
DA:2,3
DA:3,3
DA:13,3
DA:14,2
DA:16,2
DA:27,3
DA:28,1
DA:30,1
LF:9
LH:9
BRF:0
BRH:0
end_of_record
